CRITICAL - 2022-04-13 09:45:57 --> Undefined array key 0
#0 D:\PKL Kampus\web-dosen\app\Views\Content\V_DetailDosen.php(152): CodeIgniter\Debug\Exceptions->errorHandler(2, 'Undefined array...', 'D:\\PKL Kampus\\w...', 152)
#1 D:\PKL Kampus\web-dosen\system\View\View.php(210): include('D:\\PKL Kampus\\w...')
#2 D:\PKL Kampus\web-dosen\system\View\View.php(213): CodeIgniter\View\View->CodeIgniter\View\{closure}()
#3 D:\PKL Kampus\web-dosen\system\Common.php(1089): CodeIgniter\View\View->render('Content/V_Detai...', Array, true)
#4 D:\PKL Kampus\web-dosen\app\Controllers\C_DetailDosen.php(43): view('Content/V_Detai...', Array)
#5 D:\PKL Kampus\web-dosen\system\CodeIgniter.php(832): App\Controllers\C_DetailDosen->index('2')
#6 D:\PKL Kampus\web-dosen\system\CodeIgniter.php(419): CodeIgniter\CodeIgniter->runController(Object(App\Controllers\C_DetailDosen))
#7 D:\PKL Kampus\web-dosen\system\CodeIgniter.php(326): CodeIgniter\CodeIgniter->handleRequest(NULL, Object(Config\Cache), false)
#8 D:\PKL Kampus\web-dosen\public\index.php(37): CodeIgniter\CodeIgniter->run()
#9 D:\PKL Kampus\web-dosen\system\Commands\Server\rewrite.php(43): require_once('D:\\PKL Kampus\\w...')
#10 {main}
CRITICAL - 2022-04-13 09:46:06 --> Undefined variable $pendidikan
#0 D:\PKL Kampus\web-dosen\app\Views\Content\V_DetailDosen.php(152): CodeIgniter\Debug\Exceptions->errorHandler(2, 'Undefined varia...', 'D:\\PKL Kampus\\w...', 152)
#1 D:\PKL Kampus\web-dosen\system\View\View.php(210): include('D:\\PKL Kampus\\w...')
#2 D:\PKL Kampus\web-dosen\system\View\View.php(213): CodeIgniter\View\View->CodeIgniter\View\{closure}()
#3 D:\PKL Kampus\web-dosen\system\Common.php(1089): CodeIgniter\View\View->render('Content/V_Detai...', Array, true)
#4 D:\PKL Kampus\web-dosen\app\Controllers\C_DetailDosen.php(43): view('Content/V_Detai...', Array)
#5 D:\PKL Kampus\web-dosen\system\CodeIgniter.php(832): App\Controllers\C_DetailDosen->index('2')
#6 D:\PKL Kampus\web-dosen\system\CodeIgniter.php(419): CodeIgniter\CodeIgniter->runController(Object(App\Controllers\C_DetailDosen))
#7 D:\PKL Kampus\web-dosen\system\CodeIgniter.php(326): CodeIgniter\CodeIgniter->handleRequest(NULL, Object(Config\Cache), false)
#8 D:\PKL Kampus\web-dosen\public\index.php(37): CodeIgniter\CodeIgniter->run()
#9 D:\PKL Kampus\web-dosen\system\Commands\Server\rewrite.php(43): require_once('D:\\PKL Kampus\\w...')
#10 {main}
CRITICAL - 2022-04-13 09:46:10 --> Undefined array key "dosen_id"
#0 D:\PKL Kampus\web-dosen\app\Views\Content\V_DetailDosen.php(152): CodeIgniter\Debug\Exceptions->errorHandler(2, 'Undefined array...', 'D:\\PKL Kampus\\w...', 152)
#1 D:\PKL Kampus\web-dosen\system\View\View.php(210): include('D:\\PKL Kampus\\w...')
#2 D:\PKL Kampus\web-dosen\system\View\View.php(213): CodeIgniter\View\View->CodeIgniter\View\{closure}()
#3 D:\PKL Kampus\web-dosen\system\Common.php(1089): CodeIgniter\View\View->render('Content/V_Detai...', Array, true)
#4 D:\PKL Kampus\web-dosen\app\Controllers\C_DetailDosen.php(43): view('Content/V_Detai...', Array)
#5 D:\PKL Kampus\web-dosen\system\CodeIgniter.php(832): App\Controllers\C_DetailDosen->index('2')
#6 D:\PKL Kampus\web-dosen\system\CodeIgniter.php(419): CodeIgniter\CodeIgniter->runController(Object(App\Controllers\C_DetailDosen))
#7 D:\PKL Kampus\web-dosen\system\CodeIgniter.php(326): CodeIgniter\CodeIgniter->handleRequest(NULL, Object(Config\Cache), false)
#8 D:\PKL Kampus\web-dosen\public\index.php(37): CodeIgniter\CodeIgniter->run()
#9 D:\PKL Kampus\web-dosen\system\Commands\Server\rewrite.php(43): require_once('D:\\PKL Kampus\\w...')
#10 {main}
CRITICAL - 2022-04-13 09:46:32 --> Undefined array key 0
#0 D:\PKL Kampus\web-dosen\app\Views\Content\V_DetailDosen.php(164): CodeIgniter\Debug\Exceptions->errorHandler(2, 'Undefined array...', 'D:\\PKL Kampus\\w...', 164)
#1 D:\PKL Kampus\web-dosen\system\View\View.php(210): include('D:\\PKL Kampus\\w...')
#2 D:\PKL Kampus\web-dosen\system\View\View.php(213): CodeIgniter\View\View->CodeIgniter\View\{closure}()
#3 D:\PKL Kampus\web-dosen\system\Common.php(1089): CodeIgniter\View\View->render('Content/V_Detai...', Array, true)
#4 D:\PKL Kampus\web-dosen\app\Controllers\C_DetailDosen.php(43): view('Content/V_Detai...', Array)
#5 D:\PKL Kampus\web-dosen\system\CodeIgniter.php(832): App\Controllers\C_DetailDosen->index('2')
#6 D:\PKL Kampus\web-dosen\system\CodeIgniter.php(419): CodeIgniter\CodeIgniter->runController(Object(App\Controllers\C_DetailDosen))
#7 D:\PKL Kampus\web-dosen\system\CodeIgniter.php(326): CodeIgniter\CodeIgniter->handleRequest(NULL, Object(Config\Cache), false)
#8 D:\PKL Kampus\web-dosen\public\index.php(37): CodeIgniter\CodeIgniter->run()
#9 D:\PKL Kampus\web-dosen\system\Commands\Server\rewrite.php(43): require_once('D:\\PKL Kampus\\w...')
#10 {main}
CRITICAL - 2022-04-13 10:07:38 --> Undefined array key 0
#0 D:\PKL Kampus\web-dosen\app\Views\Content\V_SertifikatPelatihan.php(78): CodeIgniter\Debug\Exceptions->errorHandler(2, 'Undefined array...', 'D:\\PKL Kampus\\w...', 78)
#1 D:\PKL Kampus\web-dosen\system\View\View.php(210): include('D:\\PKL Kampus\\w...')
#2 D:\PKL Kampus\web-dosen\system\View\View.php(213): CodeIgniter\View\View->CodeIgniter\View\{closure}()
#3 D:\PKL Kampus\web-dosen\system\Common.php(1089): CodeIgniter\View\View->render('Content/V_Serti...', Array, true)
#4 D:\PKL Kampus\web-dosen\app\Controllers\C_SertifikatPelatihan.php(29): view('Content/V_Serti...', Array)
#5 D:\PKL Kampus\web-dosen\system\CodeIgniter.php(832): App\Controllers\C_SertifikatPelatihan->index('1')
#6 D:\PKL Kampus\web-dosen\system\CodeIgniter.php(419): CodeIgniter\CodeIgniter->runController(Object(App\Controllers\C_SertifikatPelatihan))
#7 D:\PKL Kampus\web-dosen\system\CodeIgniter.php(326): CodeIgniter\CodeIgniter->handleRequest(NULL, Object(Config\Cache), false)
#8 D:\PKL Kampus\web-dosen\public\index.php(37): CodeIgniter\CodeIgniter->run()
#9 D:\PKL Kampus\web-dosen\system\Commands\Server\rewrite.php(43): require_once('D:\\PKL Kampus\\w...')
#10 {main}
CRITICAL - 2022-04-13 10:11:43 --> Undefined array key 0
#0 D:\PKL Kampus\web-dosen\app\Views\Content\V_SertifikatPelatihan.php(78): CodeIgniter\Debug\Exceptions->errorHandler(2, 'Undefined array...', 'D:\\PKL Kampus\\w...', 78)
#1 D:\PKL Kampus\web-dosen\system\View\View.php(210): include('D:\\PKL Kampus\\w...')
#2 D:\PKL Kampus\web-dosen\system\View\View.php(213): CodeIgniter\View\View->CodeIgniter\View\{closure}()
#3 D:\PKL Kampus\web-dosen\system\Common.php(1089): CodeIgniter\View\View->render('Content/V_Serti...', Array, true)
#4 D:\PKL Kampus\web-dosen\app\Controllers\C_SertifikatPelatihan.php(29): view('Content/V_Serti...', Array)
#5 D:\PKL Kampus\web-dosen\system\CodeIgniter.php(832): App\Controllers\C_SertifikatPelatihan->index('1')
#6 D:\PKL Kampus\web-dosen\system\CodeIgniter.php(419): CodeIgniter\CodeIgniter->runController(Object(App\Controllers\C_SertifikatPelatihan))
#7 D:\PKL Kampus\web-dosen\system\CodeIgniter.php(326): CodeIgniter\CodeIgniter->handleRequest(NULL, Object(Config\Cache), false)
#8 D:\PKL Kampus\web-dosen\public\index.php(37): CodeIgniter\CodeIgniter->run()
#9 D:\PKL Kampus\web-dosen\system\Commands\Server\rewrite.php(43): require_once('D:\\PKL Kampus\\w...')
#10 {main}
CRITICAL - 2022-04-13 10:12:14 --> Undefined variable $mengajars
#0 D:\PKL Kampus\web-dosen\app\Views\Content\V_SertifikatPelatihan.php(79): CodeIgniter\Debug\Exceptions->errorHandler(2, 'Undefined varia...', 'D:\\PKL Kampus\\w...', 79)
#1 D:\PKL Kampus\web-dosen\system\View\View.php(210): include('D:\\PKL Kampus\\w...')
#2 D:\PKL Kampus\web-dosen\system\View\View.php(213): CodeIgniter\View\View->CodeIgniter\View\{closure}()
#3 D:\PKL Kampus\web-dosen\system\Common.php(1089): CodeIgniter\View\View->render('Content/V_Serti...', Array, true)
#4 D:\PKL Kampus\web-dosen\app\Controllers\C_SertifikatPelatihan.php(29): view('Content/V_Serti...', Array)
#5 D:\PKL Kampus\web-dosen\system\CodeIgniter.php(832): App\Controllers\C_SertifikatPelatihan->index('1')
#6 D:\PKL Kampus\web-dosen\system\CodeIgniter.php(419): CodeIgniter\CodeIgniter->runController(Object(App\Controllers\C_SertifikatPelatihan))
#7 D:\PKL Kampus\web-dosen\system\CodeIgniter.php(326): CodeIgniter\CodeIgniter->handleRequest(NULL, Object(Config\Cache), false)
#8 D:\PKL Kampus\web-dosen\public\index.php(37): CodeIgniter\CodeIgniter->run()
#9 D:\PKL Kampus\web-dosen\system\Commands\Server\rewrite.php(43): require_once('D:\\PKL Kampus\\w...')
#10 {main}
CRITICAL - 2022-04-13 10:12:34 --> Undefined array key 0
#0 D:\PKL Kampus\web-dosen\app\Views\Content\V_SertifikatPelatihan.php(79): CodeIgniter\Debug\Exceptions->errorHandler(2, 'Undefined array...', 'D:\\PKL Kampus\\w...', 79)
#1 D:\PKL Kampus\web-dosen\system\View\View.php(210): include('D:\\PKL Kampus\\w...')
#2 D:\PKL Kampus\web-dosen\system\View\View.php(213): CodeIgniter\View\View->CodeIgniter\View\{closure}()
#3 D:\PKL Kampus\web-dosen\system\Common.php(1089): CodeIgniter\View\View->render('Content/V_Serti...', Array, true)
#4 D:\PKL Kampus\web-dosen\app\Controllers\C_SertifikatPelatihan.php(29): view('Content/V_Serti...', Array)
#5 D:\PKL Kampus\web-dosen\system\CodeIgniter.php(832): App\Controllers\C_SertifikatPelatihan->index('1')
#6 D:\PKL Kampus\web-dosen\system\CodeIgniter.php(419): CodeIgniter\CodeIgniter->runController(Object(App\Controllers\C_SertifikatPelatihan))
#7 D:\PKL Kampus\web-dosen\system\CodeIgniter.php(326): CodeIgniter\CodeIgniter->handleRequest(NULL, Object(Config\Cache), false)
#8 D:\PKL Kampus\web-dosen\public\index.php(37): CodeIgniter\CodeIgniter->run()
#9 D:\PKL Kampus\web-dosen\system\Commands\Server\rewrite.php(43): require_once('D:\\PKL Kampus\\w...')
#10 {main}
ERROR - 2022-04-13 10:46:26 --> Column 'nama_kegiatan' cannot be null
CRITICAL - 2022-04-13 10:46:26 --> Column 'nama_kegiatan' cannot be null
#0 D:\PKL Kampus\web-dosen\system\Database\MySQLi\Connection.php(292): mysqli->query('INSERT INTO `se...', 0)
#1 D:\PKL Kampus\web-dosen\system\Database\BaseConnection.php(670): CodeIgniter\Database\MySQLi\Connection->execute('INSERT INTO `se...')
#2 D:\PKL Kampus\web-dosen\system\Database\BaseConnection.php(598): CodeIgniter\Database\BaseConnection->simpleQuery('INSERT INTO `se...')
#3 D:\PKL Kampus\web-dosen\system\Database\BaseBuilder.php(1771): CodeIgniter\Database\BaseConnection->query('INSERT INTO `se...', Array, false)
#4 D:\PKL Kampus\web-dosen\system\Model.php(239): CodeIgniter\Database\BaseBuilder->insert()
#5 D:\PKL Kampus\web-dosen\system\BaseModel.php(738): CodeIgniter\Model->doInsert(Array)
#6 D:\PKL Kampus\web-dosen\system\Model.php(625): CodeIgniter\BaseModel->insert(Array, true)
#7 D:\PKL Kampus\web-dosen\app\Controllers\C_SertifikatPelatihan.php(82): CodeIgniter\Model->insert(Array)
#8 D:\PKL Kampus\web-dosen\system\CodeIgniter.php(832): App\Controllers\C_SertifikatPelatihan->AddData()
#9 D:\PKL Kampus\web-dosen\system\CodeIgniter.php(419): CodeIgniter\CodeIgniter->runController(Object(App\Controllers\C_SertifikatPelatihan))
#10 D:\PKL Kampus\web-dosen\system\CodeIgniter.php(326): CodeIgniter\CodeIgniter->handleRequest(NULL, Object(Config\Cache), false)
#11 D:\PKL Kampus\web-dosen\public\index.php(37): CodeIgniter\CodeIgniter->run()
#12 D:\PKL Kampus\web-dosen\system\Commands\Server\rewrite.php(43): require_once('D:\\PKL Kampus\\w...')
#13 {main}
CRITICAL - 2022-04-13 10:47:01 --> Undefined variable $pelatihans
#0 D:\PKL Kampus\web-dosen\app\Views\Content\V_SertifikatPendidik.php(118): CodeIgniter\Debug\Exceptions->errorHandler(2, 'Undefined varia...', 'D:\\PKL Kampus\\w...', 118)
#1 D:\PKL Kampus\web-dosen\system\View\View.php(210): include('D:\\PKL Kampus\\w...')
#2 D:\PKL Kampus\web-dosen\system\View\View.php(213): CodeIgniter\View\View->CodeIgniter\View\{closure}()
#3 D:\PKL Kampus\web-dosen\system\Common.php(1089): CodeIgniter\View\View->render('Content/V_Serti...', Array, true)
#4 D:\PKL Kampus\web-dosen\app\Controllers\C_SertifikatPendidik.php(30): view('Content/V_Serti...', Array)
#5 D:\PKL Kampus\web-dosen\system\CodeIgniter.php(832): App\Controllers\C_SertifikatPendidik->index('1')
#6 D:\PKL Kampus\web-dosen\system\CodeIgniter.php(419): CodeIgniter\CodeIgniter->runController(Object(App\Controllers\C_SertifikatPendidik))
#7 D:\PKL Kampus\web-dosen\system\CodeIgniter.php(326): CodeIgniter\CodeIgniter->handleRequest(NULL, Object(Config\Cache), false)
#8 D:\PKL Kampus\web-dosen\public\index.php(37): CodeIgniter\CodeIgniter->run()
#9 D:\PKL Kampus\web-dosen\system\Commands\Server\rewrite.php(43): require_once('D:\\PKL Kampus\\w...')
#10 {main}
CRITICAL - 2022-04-13 10:47:34 --> Undefined variable $pelatihans
#0 D:\PKL Kampus\web-dosen\app\Views\Content\V_SertifikatPendidik.php(118): CodeIgniter\Debug\Exceptions->errorHandler(2, 'Undefined varia...', 'D:\\PKL Kampus\\w...', 118)
#1 D:\PKL Kampus\web-dosen\system\View\View.php(210): include('D:\\PKL Kampus\\w...')
#2 D:\PKL Kampus\web-dosen\system\View\View.php(213): CodeIgniter\View\View->CodeIgniter\View\{closure}()
#3 D:\PKL Kampus\web-dosen\system\Common.php(1089): CodeIgniter\View\View->render('Content/V_Serti...', Array, true)
#4 D:\PKL Kampus\web-dosen\app\Controllers\C_SertifikatPendidik.php(30): view('Content/V_Serti...', Array)
#5 D:\PKL Kampus\web-dosen\system\CodeIgniter.php(832): App\Controllers\C_SertifikatPendidik->index('1')
#6 D:\PKL Kampus\web-dosen\system\CodeIgniter.php(419): CodeIgniter\CodeIgniter->runController(Object(App\Controllers\C_SertifikatPendidik))
#7 D:\PKL Kampus\web-dosen\system\CodeIgniter.php(326): CodeIgniter\CodeIgniter->handleRequest(NULL, Object(Config\Cache), false)
#8 D:\PKL Kampus\web-dosen\public\index.php(37): CodeIgniter\CodeIgniter->run()
#9 D:\PKL Kampus\web-dosen\system\Commands\Server\rewrite.php(43): require_once('D:\\PKL Kampus\\w...')
#10 {main}
CRITICAL - 2022-04-13 10:48:48 --> Undefined variable $pendidiks
#0 D:\PKL Kampus\web-dosen\app\Views\Content\V_SertifikatPendidik.php(118): CodeIgniter\Debug\Exceptions->errorHandler(2, 'Undefined varia...', 'D:\\PKL Kampus\\w...', 118)
#1 D:\PKL Kampus\web-dosen\system\View\View.php(210): include('D:\\PKL Kampus\\w...')
#2 D:\PKL Kampus\web-dosen\system\View\View.php(213): CodeIgniter\View\View->CodeIgniter\View\{closure}()
#3 D:\PKL Kampus\web-dosen\system\Common.php(1089): CodeIgniter\View\View->render('Content/V_Serti...', Array, true)
#4 D:\PKL Kampus\web-dosen\app\Controllers\C_SertifikatPendidik.php(30): view('Content/V_Serti...', Array)
#5 D:\PKL Kampus\web-dosen\system\CodeIgniter.php(832): App\Controllers\C_SertifikatPendidik->index('1')
#6 D:\PKL Kampus\web-dosen\system\CodeIgniter.php(419): CodeIgniter\CodeIgniter->runController(Object(App\Controllers\C_SertifikatPendidik))
#7 D:\PKL Kampus\web-dosen\system\CodeIgniter.php(326): CodeIgniter\CodeIgniter->handleRequest(NULL, Object(Config\Cache), false)
#8 D:\PKL Kampus\web-dosen\public\index.php(37): CodeIgniter\CodeIgniter->run()
#9 D:\PKL Kampus\web-dosen\system\Commands\Server\rewrite.php(43): require_once('D:\\PKL Kampus\\w...')
#10 {main}
CRITICAL - 2022-04-13 10:52:38 --> Trying to access array offset on value of type null
#0 D:\PKL Kampus\web-dosen\app\Controllers\C_RiwayatPendidikan.php(86): CodeIgniter\Debug\Exceptions->errorHandler(2, 'Trying to acces...', 'D:\\PKL Kampus\\w...', 86)
#1 D:\PKL Kampus\web-dosen\system\CodeIgniter.php(832): App\Controllers\C_RiwayatPendidikan->Download('1')
#2 D:\PKL Kampus\web-dosen\system\CodeIgniter.php(419): CodeIgniter\CodeIgniter->runController(Object(App\Controllers\C_RiwayatPendidikan))
#3 D:\PKL Kampus\web-dosen\system\CodeIgniter.php(326): CodeIgniter\CodeIgniter->handleRequest(NULL, Object(Config\Cache), false)
#4 D:\PKL Kampus\web-dosen\public\index.php(37): CodeIgniter\CodeIgniter->run()
#5 D:\PKL Kampus\web-dosen\system\Commands\Server\rewrite.php(43): require_once('D:\\PKL Kampus\\w...')
#6 {main}
CRITICAL - 2022-04-13 11:15:16 --> Trying to access array offset on value of type null
#0 D:\PKL Kampus\web-dosen\app\Controllers\C_RiwayatPendidikan.php(86): CodeIgniter\Debug\Exceptions->errorHandler(2, 'Trying to acces...', 'D:\\PKL Kampus\\w...', 86)
#1 D:\PKL Kampus\web-dosen\system\CodeIgniter.php(832): App\Controllers\C_RiwayatPendidikan->Download('3')
#2 D:\PKL Kampus\web-dosen\system\CodeIgniter.php(419): CodeIgniter\CodeIgniter->runController(Object(App\Controllers\C_RiwayatPendidikan))
#3 D:\PKL Kampus\web-dosen\system\CodeIgniter.php(326): CodeIgniter\CodeIgniter->handleRequest(NULL, Object(Config\Cache), false)
#4 D:\PKL Kampus\web-dosen\public\index.php(37): CodeIgniter\CodeIgniter->run()
#5 D:\PKL Kampus\web-dosen\system\Commands\Server\rewrite.php(43): require_once('D:\\PKL Kampus\\w...')
#6 {main}
ERROR - 2022-04-13 11:52:15 --> Column 'nama_kegiatan' cannot be null
CRITICAL - 2022-04-13 11:52:15 --> Column 'nama_kegiatan' cannot be null
#0 D:\PKL Kampus\web-dosen\system\Database\MySQLi\Connection.php(292): mysqli->query('INSERT INTO `se...', 0)
#1 D:\PKL Kampus\web-dosen\system\Database\BaseConnection.php(670): CodeIgniter\Database\MySQLi\Connection->execute('INSERT INTO `se...')
#2 D:\PKL Kampus\web-dosen\system\Database\BaseConnection.php(598): CodeIgniter\Database\BaseConnection->simpleQuery('INSERT INTO `se...')
#3 D:\PKL Kampus\web-dosen\system\Database\BaseBuilder.php(1771): CodeIgniter\Database\BaseConnection->query('INSERT INTO `se...', Array, false)
#4 D:\PKL Kampus\web-dosen\system\Model.php(239): CodeIgniter\Database\BaseBuilder->insert()
#5 D:\PKL Kampus\web-dosen\system\BaseModel.php(738): CodeIgniter\Model->doInsert(Array)
#6 D:\PKL Kampus\web-dosen\system\Model.php(625): CodeIgniter\BaseModel->insert(Array, true)
#7 D:\PKL Kampus\web-dosen\app\Controllers\C_SertifikatPelatihan.php(84): CodeIgniter\Model->insert(Array)
#8 D:\PKL Kampus\web-dosen\system\CodeIgniter.php(832): App\Controllers\C_SertifikatPelatihan->AddData()
#9 D:\PKL Kampus\web-dosen\system\CodeIgniter.php(419): CodeIgniter\CodeIgniter->runController(Object(App\Controllers\C_SertifikatPelatihan))
#10 D:\PKL Kampus\web-dosen\system\CodeIgniter.php(326): CodeIgniter\CodeIgniter->handleRequest(NULL, Object(Config\Cache), false)
#11 D:\PKL Kampus\web-dosen\public\index.php(37): CodeIgniter\CodeIgniter->run()
#12 D:\PKL Kampus\web-dosen\system\Commands\Server\rewrite.php(43): require_once('D:\\PKL Kampus\\w...')
#13 {main}
ERROR - 2022-04-13 11:55:31 --> Column 'nama_kegiatan' cannot be null
CRITICAL - 2022-04-13 11:55:31 --> Column 'nama_kegiatan' cannot be null
#0 D:\PKL Kampus\web-dosen\system\Database\MySQLi\Connection.php(292): mysqli->query('INSERT INTO `se...', 0)
#1 D:\PKL Kampus\web-dosen\system\Database\BaseConnection.php(670): CodeIgniter\Database\MySQLi\Connection->execute('INSERT INTO `se...')
#2 D:\PKL Kampus\web-dosen\system\Database\BaseConnection.php(598): CodeIgniter\Database\BaseConnection->simpleQuery('INSERT INTO `se...')
#3 D:\PKL Kampus\web-dosen\system\Database\BaseBuilder.php(1771): CodeIgniter\Database\BaseConnection->query('INSERT INTO `se...', Array, false)
#4 D:\PKL Kampus\web-dosen\system\Model.php(239): CodeIgniter\Database\BaseBuilder->insert()
#5 D:\PKL Kampus\web-dosen\system\BaseModel.php(738): CodeIgniter\Model->doInsert(Array)
#6 D:\PKL Kampus\web-dosen\system\Model.php(625): CodeIgniter\BaseModel->insert(Array, true)
#7 D:\PKL Kampus\web-dosen\app\Controllers\C_SertifikatPelatihan.php(84): CodeIgniter\Model->insert(Array)
#8 D:\PKL Kampus\web-dosen\system\CodeIgniter.php(832): App\Controllers\C_SertifikatPelatihan->AddData()
#9 D:\PKL Kampus\web-dosen\system\CodeIgniter.php(419): CodeIgniter\CodeIgniter->runController(Object(App\Controllers\C_SertifikatPelatihan))
#10 D:\PKL Kampus\web-dosen\system\CodeIgniter.php(326): CodeIgniter\CodeIgniter->handleRequest(NULL, Object(Config\Cache), false)
#11 D:\PKL Kampus\web-dosen\public\index.php(37): CodeIgniter\CodeIgniter->run()
#12 D:\PKL Kampus\web-dosen\system\Commands\Server\rewrite.php(43): require_once('D:\\PKL Kampus\\w...')
#13 {main}
ERROR - 2022-04-13 11:55:53 --> Column 'nama_kegiatan' cannot be null
CRITICAL - 2022-04-13 11:55:53 --> Column 'nama_kegiatan' cannot be null
#0 D:\PKL Kampus\web-dosen\system\Database\MySQLi\Connection.php(292): mysqli->query('INSERT INTO `se...', 0)
#1 D:\PKL Kampus\web-dosen\system\Database\BaseConnection.php(670): CodeIgniter\Database\MySQLi\Connection->execute('INSERT INTO `se...')
#2 D:\PKL Kampus\web-dosen\system\Database\BaseConnection.php(598): CodeIgniter\Database\BaseConnection->simpleQuery('INSERT INTO `se...')
#3 D:\PKL Kampus\web-dosen\system\Database\BaseBuilder.php(1771): CodeIgniter\Database\BaseConnection->query('INSERT INTO `se...', Array, false)
#4 D:\PKL Kampus\web-dosen\system\Model.php(239): CodeIgniter\Database\BaseBuilder->insert()
#5 D:\PKL Kampus\web-dosen\system\BaseModel.php(738): CodeIgniter\Model->doInsert(Array)
#6 D:\PKL Kampus\web-dosen\system\Model.php(625): CodeIgniter\BaseModel->insert(Array, true)
#7 D:\PKL Kampus\web-dosen\app\Controllers\C_SertifikatPelatihan.php(84): CodeIgniter\Model->insert(Array)
#8 D:\PKL Kampus\web-dosen\system\CodeIgniter.php(832): App\Controllers\C_SertifikatPelatihan->AddData()
#9 D:\PKL Kampus\web-dosen\system\CodeIgniter.php(419): CodeIgniter\CodeIgniter->runController(Object(App\Controllers\C_SertifikatPelatihan))
#10 D:\PKL Kampus\web-dosen\system\CodeIgniter.php(326): CodeIgniter\CodeIgniter->handleRequest(NULL, Object(Config\Cache), false)
#11 D:\PKL Kampus\web-dosen\public\index.php(37): CodeIgniter\CodeIgniter->run()
#12 D:\PKL Kampus\web-dosen\system\Commands\Server\rewrite.php(43): require_once('D:\\PKL Kampus\\w...')
#13 {main}
ERROR - 2022-04-13 12:05:11 --> Unknown column 'dosen_id' in 'where clause'
CRITICAL - 2022-04-13 12:05:11 --> Unknown column 'dosen_id' in 'where clause'
#0 D:\PKL Kampus\web-dosen\system\Database\MySQLi\Connection.php(292): mysqli->query('SELECT *\nFROM `...', 0)
#1 D:\PKL Kampus\web-dosen\system\Database\BaseConnection.php(670): CodeIgniter\Database\MySQLi\Connection->execute('SELECT *\nFROM `...')
#2 D:\PKL Kampus\web-dosen\system\Database\BaseConnection.php(598): CodeIgniter\Database\BaseConnection->simpleQuery('SELECT *\nFROM `...')
#3 D:\PKL Kampus\web-dosen\system\Database\BaseBuilder.php(1588): CodeIgniter\Database\BaseConnection->query('SELECT *\nFROM `...', Array, false)
#4 D:\PKL Kampus\web-dosen\system\Model.php(728): CodeIgniter\Database\BaseBuilder->getWhere(Array)
#5 D:\PKL Kampus\web-dosen\app\Controllers\C_SertifikatPelatihan.php(23): CodeIgniter\Model->__call('getWhere', Array)
#6 D:\PKL Kampus\web-dosen\system\CodeIgniter.php(832): App\Controllers\C_SertifikatPelatihan->index('1')
#7 D:\PKL Kampus\web-dosen\system\CodeIgniter.php(419): CodeIgniter\CodeIgniter->runController(Object(App\Controllers\C_SertifikatPelatihan))
#8 D:\PKL Kampus\web-dosen\system\CodeIgniter.php(326): CodeIgniter\CodeIgniter->handleRequest(NULL, Object(Config\Cache), false)
#9 D:\PKL Kampus\web-dosen\public\index.php(37): CodeIgniter\CodeIgniter->run()
#10 D:\PKL Kampus\web-dosen\system\Commands\Server\rewrite.php(43): require_once('D:\\PKL Kampus\\w...')
#11 {main}
CRITICAL - 2022-04-13 12:05:40 --> Call to undefined method App\Models\M_DataDosen::getResult
#0 D:\PKL Kampus\web-dosen\app\Controllers\C_SertifikatPelatihan.php(24): CodeIgniter\Model->__call('getResult', Array)
#1 D:\PKL Kampus\web-dosen\system\CodeIgniter.php(832): App\Controllers\C_SertifikatPelatihan->index('1')
#2 D:\PKL Kampus\web-dosen\system\CodeIgniter.php(419): CodeIgniter\CodeIgniter->runController(Object(App\Controllers\C_SertifikatPelatihan))
#3 D:\PKL Kampus\web-dosen\system\CodeIgniter.php(326): CodeIgniter\CodeIgniter->handleRequest(NULL, Object(Config\Cache), false)
#4 D:\PKL Kampus\web-dosen\public\index.php(37): CodeIgniter\CodeIgniter->run()
#5 D:\PKL Kampus\web-dosen\system\Commands\Server\rewrite.php(43): require_once('D:\\PKL Kampus\\w...')
#6 {main}
CRITICAL - 2022-04-13 12:06:13 --> Call to undefined method App\Models\M_DataDosen::getResult
#0 D:\PKL Kampus\web-dosen\app\Controllers\C_SertifikatPelatihan.php(31): CodeIgniter\Model->__call('getResult', Array)
#1 D:\PKL Kampus\web-dosen\system\CodeIgniter.php(832): App\Controllers\C_SertifikatPelatihan->index('1')
#2 D:\PKL Kampus\web-dosen\system\CodeIgniter.php(419): CodeIgniter\CodeIgniter->runController(Object(App\Controllers\C_SertifikatPelatihan))
#3 D:\PKL Kampus\web-dosen\system\CodeIgniter.php(326): CodeIgniter\CodeIgniter->handleRequest(NULL, Object(Config\Cache), false)
#4 D:\PKL Kampus\web-dosen\public\index.php(37): CodeIgniter\CodeIgniter->run()
#5 D:\PKL Kampus\web-dosen\system\Commands\Server\rewrite.php(43): require_once('D:\\PKL Kampus\\w...')
#6 {main}
ERROR - 2022-04-13 12:19:16 --> Unknown column 'dosen_id' in 'where clause'
CRITICAL - 2022-04-13 12:19:16 --> Unknown column 'dosen_id' in 'where clause'
#0 D:\PKL Kampus\web-dosen\system\Database\MySQLi\Connection.php(292): mysqli->query('SELECT *\nFROM `...', 0)
#1 D:\PKL Kampus\web-dosen\system\Database\BaseConnection.php(670): CodeIgniter\Database\MySQLi\Connection->execute('SELECT *\nFROM `...')
#2 D:\PKL Kampus\web-dosen\system\Database\BaseConnection.php(598): CodeIgniter\Database\BaseConnection->simpleQuery('SELECT *\nFROM `...')
#3 D:\PKL Kampus\web-dosen\system\Database\BaseBuilder.php(1588): CodeIgniter\Database\BaseConnection->query('SELECT *\nFROM `...', Array, false)
#4 D:\PKL Kampus\web-dosen\system\Model.php(728): CodeIgniter\Database\BaseBuilder->getWhere(Array)
#5 D:\PKL Kampus\web-dosen\app\Controllers\C_SertifikatPelatihan.php(24): CodeIgniter\Model->__call('getWhere', Array)
#6 D:\PKL Kampus\web-dosen\system\CodeIgniter.php(832): App\Controllers\C_SertifikatPelatihan->index('1')
#7 D:\PKL Kampus\web-dosen\system\CodeIgniter.php(419): CodeIgniter\CodeIgniter->runController(Object(App\Controllers\C_SertifikatPelatihan))
#8 D:\PKL Kampus\web-dosen\system\CodeIgniter.php(326): CodeIgniter\CodeIgniter->handleRequest(NULL, Object(Config\Cache), false)
#9 D:\PKL Kampus\web-dosen\public\index.php(37): CodeIgniter\CodeIgniter->run()
#10 D:\PKL Kampus\web-dosen\system\Commands\Server\rewrite.php(43): require_once('D:\\PKL Kampus\\w...')
#11 {main}
ERROR - 2022-04-13 12:19:30 --> Unknown column 'dosen_id' in 'where clause'
CRITICAL - 2022-04-13 12:19:30 --> Unknown column 'dosen_id' in 'where clause'
#0 D:\PKL Kampus\web-dosen\system\Database\MySQLi\Connection.php(292): mysqli->query('SELECT *\nFROM `...', 0)
#1 D:\PKL Kampus\web-dosen\system\Database\BaseConnection.php(670): CodeIgniter\Database\MySQLi\Connection->execute('SELECT *\nFROM `...')
#2 D:\PKL Kampus\web-dosen\system\Database\BaseConnection.php(598): CodeIgniter\Database\BaseConnection->simpleQuery('SELECT *\nFROM `...')
#3 D:\PKL Kampus\web-dosen\system\Database\BaseBuilder.php(1588): CodeIgniter\Database\BaseConnection->query('SELECT *\nFROM `...', Array, false)
#4 D:\PKL Kampus\web-dosen\system\Model.php(728): CodeIgniter\Database\BaseBuilder->getWhere(Array)
#5 D:\PKL Kampus\web-dosen\app\Controllers\C_SertifikatPelatihan.php(24): CodeIgniter\Model->__call('getWhere', Array)
#6 D:\PKL Kampus\web-dosen\system\CodeIgniter.php(832): App\Controllers\C_SertifikatPelatihan->index('1')
#7 D:\PKL Kampus\web-dosen\system\CodeIgniter.php(419): CodeIgniter\CodeIgniter->runController(Object(App\Controllers\C_SertifikatPelatihan))
#8 D:\PKL Kampus\web-dosen\system\CodeIgniter.php(326): CodeIgniter\CodeIgniter->handleRequest(NULL, Object(Config\Cache), false)
#9 D:\PKL Kampus\web-dosen\public\index.php(37): CodeIgniter\CodeIgniter->run()
#10 D:\PKL Kampus\web-dosen\system\Commands\Server\rewrite.php(43): require_once('D:\\PKL Kampus\\w...')
#11 {main}
ERROR - 2022-04-13 12:19:41 --> Unknown column 'dosen_id' in 'where clause'
CRITICAL - 2022-04-13 12:19:41 --> Unknown column 'dosen_id' in 'where clause'
#0 D:\PKL Kampus\web-dosen\system\Database\MySQLi\Connection.php(292): mysqli->query('SELECT *\nFROM `...', 0)
#1 D:\PKL Kampus\web-dosen\system\Database\BaseConnection.php(670): CodeIgniter\Database\MySQLi\Connection->execute('SELECT *\nFROM `...')
#2 D:\PKL Kampus\web-dosen\system\Database\BaseConnection.php(598): CodeIgniter\Database\BaseConnection->simpleQuery('SELECT *\nFROM `...')
#3 D:\PKL Kampus\web-dosen\system\Database\BaseBuilder.php(1588): CodeIgniter\Database\BaseConnection->query('SELECT *\nFROM `...', Array, false)
#4 D:\PKL Kampus\web-dosen\system\Model.php(728): CodeIgniter\Database\BaseBuilder->getWhere(Array)
#5 D:\PKL Kampus\web-dosen\app\Controllers\C_SertifikatPelatihan.php(24): CodeIgniter\Model->__call('getWhere', Array)
#6 D:\PKL Kampus\web-dosen\system\CodeIgniter.php(832): App\Controllers\C_SertifikatPelatihan->index('1')
#7 D:\PKL Kampus\web-dosen\system\CodeIgniter.php(419): CodeIgniter\CodeIgniter->runController(Object(App\Controllers\C_SertifikatPelatihan))
#8 D:\PKL Kampus\web-dosen\system\CodeIgniter.php(326): CodeIgniter\CodeIgniter->handleRequest(NULL, Object(Config\Cache), false)
#9 D:\PKL Kampus\web-dosen\public\index.php(37): CodeIgniter\CodeIgniter->run()
#10 D:\PKL Kampus\web-dosen\system\Commands\Server\rewrite.php(43): require_once('D:\\PKL Kampus\\w...')
#11 {main}
ERROR - 2022-04-13 12:20:23 --> Unknown column 'dosen_id' in 'where clause'
CRITICAL - 2022-04-13 12:20:23 --> Unknown column 'dosen_id' in 'where clause'
#0 D:\PKL Kampus\web-dosen\system\Database\MySQLi\Connection.php(292): mysqli->query('SELECT *\nFROM `...', 0)
#1 D:\PKL Kampus\web-dosen\system\Database\BaseConnection.php(670): CodeIgniter\Database\MySQLi\Connection->execute('SELECT *\nFROM `...')
#2 D:\PKL Kampus\web-dosen\system\Database\BaseConnection.php(598): CodeIgniter\Database\BaseConnection->simpleQuery('SELECT *\nFROM `...')
#3 D:\PKL Kampus\web-dosen\system\Database\BaseBuilder.php(1588): CodeIgniter\Database\BaseConnection->query('SELECT *\nFROM `...', Array, false)
#4 D:\PKL Kampus\web-dosen\system\Model.php(728): CodeIgniter\Database\BaseBuilder->getWhere(Array)
#5 D:\PKL Kampus\web-dosen\app\Controllers\C_SertifikatPelatihan.php(24): CodeIgniter\Model->__call('getWhere', Array)
#6 D:\PKL Kampus\web-dosen\system\CodeIgniter.php(832): App\Controllers\C_SertifikatPelatihan->index('1')
#7 D:\PKL Kampus\web-dosen\system\CodeIgniter.php(419): CodeIgniter\CodeIgniter->runController(Object(App\Controllers\C_SertifikatPelatihan))
#8 D:\PKL Kampus\web-dosen\system\CodeIgniter.php(326): CodeIgniter\CodeIgniter->handleRequest(NULL, Object(Config\Cache), false)
#9 D:\PKL Kampus\web-dosen\public\index.php(37): CodeIgniter\CodeIgniter->run()
#10 D:\PKL Kampus\web-dosen\system\Commands\Server\rewrite.php(43): require_once('D:\\PKL Kampus\\w...')
#11 {main}
ERROR - 2022-04-13 12:20:28 --> Unknown column 'dosen_id' in 'where clause'
CRITICAL - 2022-04-13 12:20:28 --> Unknown column 'dosen_id' in 'where clause'
#0 D:\PKL Kampus\web-dosen\system\Database\MySQLi\Connection.php(292): mysqli->query('SELECT *\nFROM `...', 0)
#1 D:\PKL Kampus\web-dosen\system\Database\BaseConnection.php(670): CodeIgniter\Database\MySQLi\Connection->execute('SELECT *\nFROM `...')
#2 D:\PKL Kampus\web-dosen\system\Database\BaseConnection.php(598): CodeIgniter\Database\BaseConnection->simpleQuery('SELECT *\nFROM `...')
#3 D:\PKL Kampus\web-dosen\system\Database\BaseBuilder.php(1588): CodeIgniter\Database\BaseConnection->query('SELECT *\nFROM `...', Array, false)
#4 D:\PKL Kampus\web-dosen\system\Model.php(728): CodeIgniter\Database\BaseBuilder->getWhere(Array)
#5 D:\PKL Kampus\web-dosen\app\Controllers\C_SertifikatPelatihan.php(24): CodeIgniter\Model->__call('getWhere', Array)
#6 D:\PKL Kampus\web-dosen\system\CodeIgniter.php(832): App\Controllers\C_SertifikatPelatihan->index('1')
#7 D:\PKL Kampus\web-dosen\system\CodeIgniter.php(419): CodeIgniter\CodeIgniter->runController(Object(App\Controllers\C_SertifikatPelatihan))
#8 D:\PKL Kampus\web-dosen\system\CodeIgniter.php(326): CodeIgniter\CodeIgniter->handleRequest(NULL, Object(Config\Cache), false)
#9 D:\PKL Kampus\web-dosen\public\index.php(37): CodeIgniter\CodeIgniter->run()
#10 D:\PKL Kampus\web-dosen\system\Commands\Server\rewrite.php(43): require_once('D:\\PKL Kampus\\w...')
#11 {main}
ERROR - 2022-04-13 12:23:02 --> Unknown column 'dosen_id' in 'where clause'
CRITICAL - 2022-04-13 12:23:02 --> Unknown column 'dosen_id' in 'where clause'
#0 D:\PKL Kampus\web-dosen\system\Database\MySQLi\Connection.php(292): mysqli->query('SELECT *\nFROM `...', 0)
#1 D:\PKL Kampus\web-dosen\system\Database\BaseConnection.php(670): CodeIgniter\Database\MySQLi\Connection->execute('SELECT *\nFROM `...')
#2 D:\PKL Kampus\web-dosen\system\Database\BaseConnection.php(598): CodeIgniter\Database\BaseConnection->simpleQuery('SELECT *\nFROM `...')
#3 D:\PKL Kampus\web-dosen\system\Database\BaseBuilder.php(1588): CodeIgniter\Database\BaseConnection->query('SELECT *\nFROM `...', Array, false)
#4 D:\PKL Kampus\web-dosen\system\Model.php(728): CodeIgniter\Database\BaseBuilder->getWhere(Array)
#5 D:\PKL Kampus\web-dosen\app\Controllers\C_SertifikatPelatihan.php(24): CodeIgniter\Model->__call('getWhere', Array)
#6 D:\PKL Kampus\web-dosen\system\CodeIgniter.php(832): App\Controllers\C_SertifikatPelatihan->index('1')
#7 D:\PKL Kampus\web-dosen\system\CodeIgniter.php(419): CodeIgniter\CodeIgniter->runController(Object(App\Controllers\C_SertifikatPelatihan))
#8 D:\PKL Kampus\web-dosen\system\CodeIgniter.php(326): CodeIgniter\CodeIgniter->handleRequest(NULL, Object(Config\Cache), false)
#9 D:\PKL Kampus\web-dosen\public\index.php(37): CodeIgniter\CodeIgniter->run()
#10 D:\PKL Kampus\web-dosen\system\Commands\Server\rewrite.php(43): require_once('D:\\PKL Kampus\\w...')
#11 {main}
ERROR - 2022-04-13 12:23:05 --> Unknown column 'dosen_id' in 'where clause'
CRITICAL - 2022-04-13 12:23:05 --> Unknown column 'dosen_id' in 'where clause'
#0 D:\PKL Kampus\web-dosen\system\Database\MySQLi\Connection.php(292): mysqli->query('SELECT *\nFROM `...', 0)
#1 D:\PKL Kampus\web-dosen\system\Database\BaseConnection.php(670): CodeIgniter\Database\MySQLi\Connection->execute('SELECT *\nFROM `...')
#2 D:\PKL Kampus\web-dosen\system\Database\BaseConnection.php(598): CodeIgniter\Database\BaseConnection->simpleQuery('SELECT *\nFROM `...')
#3 D:\PKL Kampus\web-dosen\system\Database\BaseBuilder.php(1588): CodeIgniter\Database\BaseConnection->query('SELECT *\nFROM `...', Array, false)
#4 D:\PKL Kampus\web-dosen\system\Model.php(728): CodeIgniter\Database\BaseBuilder->getWhere(Array)
#5 D:\PKL Kampus\web-dosen\app\Controllers\C_SertifikatPelatihan.php(24): CodeIgniter\Model->__call('getWhere', Array)
#6 D:\PKL Kampus\web-dosen\system\CodeIgniter.php(832): App\Controllers\C_SertifikatPelatihan->index('1')
#7 D:\PKL Kampus\web-dosen\system\CodeIgniter.php(419): CodeIgniter\CodeIgniter->runController(Object(App\Controllers\C_SertifikatPelatihan))
#8 D:\PKL Kampus\web-dosen\system\CodeIgniter.php(326): CodeIgniter\CodeIgniter->handleRequest(NULL, Object(Config\Cache), false)
#9 D:\PKL Kampus\web-dosen\public\index.php(37): CodeIgniter\CodeIgniter->run()
#10 D:\PKL Kampus\web-dosen\system\Commands\Server\rewrite.php(43): require_once('D:\\PKL Kampus\\w...')
#11 {main}
ERROR - 2022-04-13 12:23:05 --> Unknown column 'dosen_id' in 'where clause'
CRITICAL - 2022-04-13 12:23:05 --> Unknown column 'dosen_id' in 'where clause'
#0 D:\PKL Kampus\web-dosen\system\Database\MySQLi\Connection.php(292): mysqli->query('SELECT *\nFROM `...', 0)
#1 D:\PKL Kampus\web-dosen\system\Database\BaseConnection.php(670): CodeIgniter\Database\MySQLi\Connection->execute('SELECT *\nFROM `...')
#2 D:\PKL Kampus\web-dosen\system\Database\BaseConnection.php(598): CodeIgniter\Database\BaseConnection->simpleQuery('SELECT *\nFROM `...')
#3 D:\PKL Kampus\web-dosen\system\Database\BaseBuilder.php(1588): CodeIgniter\Database\BaseConnection->query('SELECT *\nFROM `...', Array, false)
#4 D:\PKL Kampus\web-dosen\system\Model.php(728): CodeIgniter\Database\BaseBuilder->getWhere(Array)
#5 D:\PKL Kampus\web-dosen\app\Controllers\C_SertifikatPelatihan.php(24): CodeIgniter\Model->__call('getWhere', Array)
#6 D:\PKL Kampus\web-dosen\system\CodeIgniter.php(832): App\Controllers\C_SertifikatPelatihan->index('1')
#7 D:\PKL Kampus\web-dosen\system\CodeIgniter.php(419): CodeIgniter\CodeIgniter->runController(Object(App\Controllers\C_SertifikatPelatihan))
#8 D:\PKL Kampus\web-dosen\system\CodeIgniter.php(326): CodeIgniter\CodeIgniter->handleRequest(NULL, Object(Config\Cache), false)
#9 D:\PKL Kampus\web-dosen\public\index.php(37): CodeIgniter\CodeIgniter->run()
#10 D:\PKL Kampus\web-dosen\system\Commands\Server\rewrite.php(43): require_once('D:\\PKL Kampus\\w...')
#11 {main}
ERROR - 2022-04-13 12:23:06 --> Unknown column 'dosen_id' in 'where clause'
CRITICAL - 2022-04-13 12:23:06 --> Unknown column 'dosen_id' in 'where clause'
#0 D:\PKL Kampus\web-dosen\system\Database\MySQLi\Connection.php(292): mysqli->query('SELECT *\nFROM `...', 0)
#1 D:\PKL Kampus\web-dosen\system\Database\BaseConnection.php(670): CodeIgniter\Database\MySQLi\Connection->execute('SELECT *\nFROM `...')
#2 D:\PKL Kampus\web-dosen\system\Database\BaseConnection.php(598): CodeIgniter\Database\BaseConnection->simpleQuery('SELECT *\nFROM `...')
#3 D:\PKL Kampus\web-dosen\system\Database\BaseBuilder.php(1588): CodeIgniter\Database\BaseConnection->query('SELECT *\nFROM `...', Array, false)
#4 D:\PKL Kampus\web-dosen\system\Model.php(728): CodeIgniter\Database\BaseBuilder->getWhere(Array)
#5 D:\PKL Kampus\web-dosen\app\Controllers\C_SertifikatPelatihan.php(24): CodeIgniter\Model->__call('getWhere', Array)
#6 D:\PKL Kampus\web-dosen\system\CodeIgniter.php(832): App\Controllers\C_SertifikatPelatihan->index('1')
#7 D:\PKL Kampus\web-dosen\system\CodeIgniter.php(419): CodeIgniter\CodeIgniter->runController(Object(App\Controllers\C_SertifikatPelatihan))
#8 D:\PKL Kampus\web-dosen\system\CodeIgniter.php(326): CodeIgniter\CodeIgniter->handleRequest(NULL, Object(Config\Cache), false)
#9 D:\PKL Kampus\web-dosen\public\index.php(37): CodeIgniter\CodeIgniter->run()
#10 D:\PKL Kampus\web-dosen\system\Commands\Server\rewrite.php(43): require_once('D:\\PKL Kampus\\w...')
#11 {main}
ERROR - 2022-04-13 12:23:12 --> Unknown column 'dosen_id' in 'where clause'
CRITICAL - 2022-04-13 12:23:12 --> Unknown column 'dosen_id' in 'where clause'
#0 D:\PKL Kampus\web-dosen\system\Database\MySQLi\Connection.php(292): mysqli->query('SELECT *\nFROM `...', 0)
#1 D:\PKL Kampus\web-dosen\system\Database\BaseConnection.php(670): CodeIgniter\Database\MySQLi\Connection->execute('SELECT *\nFROM `...')
#2 D:\PKL Kampus\web-dosen\system\Database\BaseConnection.php(598): CodeIgniter\Database\BaseConnection->simpleQuery('SELECT *\nFROM `...')
#3 D:\PKL Kampus\web-dosen\system\Database\BaseBuilder.php(1588): CodeIgniter\Database\BaseConnection->query('SELECT *\nFROM `...', Array, false)
#4 D:\PKL Kampus\web-dosen\system\Model.php(728): CodeIgniter\Database\BaseBuilder->getWhere(Array)
#5 D:\PKL Kampus\web-dosen\app\Controllers\C_SertifikatPelatihan.php(24): CodeIgniter\Model->__call('getWhere', Array)
#6 D:\PKL Kampus\web-dosen\system\CodeIgniter.php(832): App\Controllers\C_SertifikatPelatihan->index('1')
#7 D:\PKL Kampus\web-dosen\system\CodeIgniter.php(419): CodeIgniter\CodeIgniter->runController(Object(App\Controllers\C_SertifikatPelatihan))
#8 D:\PKL Kampus\web-dosen\system\CodeIgniter.php(326): CodeIgniter\CodeIgniter->handleRequest(NULL, Object(Config\Cache), false)
#9 D:\PKL Kampus\web-dosen\public\index.php(37): CodeIgniter\CodeIgniter->run()
#10 D:\PKL Kampus\web-dosen\system\Commands\Server\rewrite.php(43): require_once('D:\\PKL Kampus\\w...')
#11 {main}
CRITICAL - 2022-04-13 12:30:03 --> Undefined array key "gelar_akademik"
#0 D:\PKL Kampus\web-dosen\app\Views\Content\V_SertifikatPelatihan.php(124): CodeIgniter\Debug\Exceptions->errorHandler(2, 'Undefined array...', 'D:\\PKL Kampus\\w...', 124)
#1 D:\PKL Kampus\web-dosen\system\View\View.php(210): include('D:\\PKL Kampus\\w...')
#2 D:\PKL Kampus\web-dosen\system\View\View.php(213): CodeIgniter\View\View->CodeIgniter\View\{closure}()
#3 D:\PKL Kampus\web-dosen\system\Common.php(1089): CodeIgniter\View\View->render('Content/V_Serti...', Array, true)
#4 D:\PKL Kampus\web-dosen\app\Controllers\C_SertifikatPelatihan.php(32): view('Content/V_Serti...', Array)
#5 D:\PKL Kampus\web-dosen\system\CodeIgniter.php(832): App\Controllers\C_SertifikatPelatihan->index('1')
#6 D:\PKL Kampus\web-dosen\system\CodeIgniter.php(419): CodeIgniter\CodeIgniter->runController(Object(App\Controllers\C_SertifikatPelatihan))
#7 D:\PKL Kampus\web-dosen\system\CodeIgniter.php(326): CodeIgniter\CodeIgniter->handleRequest(NULL, Object(Config\Cache), false)
#8 D:\PKL Kampus\web-dosen\public\index.php(37): CodeIgniter\CodeIgniter->run()
#9 D:\PKL Kampus\web-dosen\system\Commands\Server\rewrite.php(43): require_once('D:\\PKL Kampus\\w...')
#10 {main}
CRITICAL - 2022-04-13 12:35:53 --> Trying to access array offset on value of type null
#0 D:\PKL Kampus\web-dosen\app\Controllers\C_SertifikatPelatihan.php(106): CodeIgniter\Debug\Exceptions->errorHandler(2, 'Trying to acces...', 'D:\\PKL Kampus\\w...', 106)
#1 D:\PKL Kampus\web-dosen\system\CodeIgniter.php(832): App\Controllers\C_SertifikatPelatihan->Download('6')
#2 D:\PKL Kampus\web-dosen\system\CodeIgniter.php(419): CodeIgniter\CodeIgniter->runController(Object(App\Controllers\C_SertifikatPelatihan))
#3 D:\PKL Kampus\web-dosen\system\CodeIgniter.php(326): CodeIgniter\CodeIgniter->handleRequest(NULL, Object(Config\Cache), false)
#4 D:\PKL Kampus\web-dosen\public\index.php(37): CodeIgniter\CodeIgniter->run()
#5 D:\PKL Kampus\web-dosen\system\Commands\Server\rewrite.php(43): require_once('D:\\PKL Kampus\\w...')
#6 {main}
CRITICAL - 2022-04-13 12:39:12 --> Trying to access array offset on value of type null
#0 D:\PKL Kampus\web-dosen\app\Controllers\C_SertifikatPelatihan.php(106): CodeIgniter\Debug\Exceptions->errorHandler(2, 'Trying to acces...', 'D:\\PKL Kampus\\w...', 106)
#1 D:\PKL Kampus\web-dosen\system\CodeIgniter.php(832): App\Controllers\C_SertifikatPelatihan->Download('1')
#2 D:\PKL Kampus\web-dosen\system\CodeIgniter.php(419): CodeIgniter\CodeIgniter->runController(Object(App\Controllers\C_SertifikatPelatihan))
#3 D:\PKL Kampus\web-dosen\system\CodeIgniter.php(326): CodeIgniter\CodeIgniter->handleRequest(NULL, Object(Config\Cache), false)
#4 D:\PKL Kampus\web-dosen\public\index.php(37): CodeIgniter\CodeIgniter->run()
#5 D:\PKL Kampus\web-dosen\system\Commands\Server\rewrite.php(43): require_once('D:\\PKL Kampus\\w...')
#6 {main}
CRITICAL - 2022-04-13 12:41:27 --> Trying to access array offset on value of type null
#0 D:\PKL Kampus\web-dosen\app\Controllers\C_SertifikatPelatihan.php(106): CodeIgniter\Debug\Exceptions->errorHandler(2, 'Trying to acces...', 'D:\\PKL Kampus\\w...', 106)
#1 D:\PKL Kampus\web-dosen\system\CodeIgniter.php(832): App\Controllers\C_SertifikatPelatihan->Download('1')
#2 D:\PKL Kampus\web-dosen\system\CodeIgniter.php(419): CodeIgniter\CodeIgniter->runController(Object(App\Controllers\C_SertifikatPelatihan))
#3 D:\PKL Kampus\web-dosen\system\CodeIgniter.php(326): CodeIgniter\CodeIgniter->handleRequest(NULL, Object(Config\Cache), false)
#4 D:\PKL Kampus\web-dosen\public\index.php(37): CodeIgniter\CodeIgniter->run()
#5 D:\PKL Kampus\web-dosen\system\Commands\Server\rewrite.php(43): require_once('D:\\PKL Kampus\\w...')
#6 {main}
CRITICAL - 2022-04-13 12:42:11 --> Trying to access array offset on value of type null
#0 D:\PKL Kampus\web-dosen\app\Controllers\C_SertifikatPelatihan.php(106): CodeIgniter\Debug\Exceptions->errorHandler(2, 'Trying to acces...', 'D:\\PKL Kampus\\w...', 106)
#1 D:\PKL Kampus\web-dosen\system\CodeIgniter.php(832): App\Controllers\C_SertifikatPelatihan->Download('1')
#2 D:\PKL Kampus\web-dosen\system\CodeIgniter.php(419): CodeIgniter\CodeIgniter->runController(Object(App\Controllers\C_SertifikatPelatihan))
#3 D:\PKL Kampus\web-dosen\system\CodeIgniter.php(326): CodeIgniter\CodeIgniter->handleRequest(NULL, Object(Config\Cache), false)
#4 D:\PKL Kampus\web-dosen\public\index.php(37): CodeIgniter\CodeIgniter->run()
#5 D:\PKL Kampus\web-dosen\system\Commands\Server\rewrite.php(43): require_once('D:\\PKL Kampus\\w...')
#6 {main}
CRITICAL - 2022-04-13 12:42:15 --> Trying to access array offset on value of type null
#0 D:\PKL Kampus\web-dosen\app\Controllers\C_SertifikatPelatihan.php(106): CodeIgniter\Debug\Exceptions->errorHandler(2, 'Trying to acces...', 'D:\\PKL Kampus\\w...', 106)
#1 D:\PKL Kampus\web-dosen\system\CodeIgniter.php(832): App\Controllers\C_SertifikatPelatihan->Download('1')
#2 D:\PKL Kampus\web-dosen\system\CodeIgniter.php(419): CodeIgniter\CodeIgniter->runController(Object(App\Controllers\C_SertifikatPelatihan))
#3 D:\PKL Kampus\web-dosen\system\CodeIgniter.php(326): CodeIgniter\CodeIgniter->handleRequest(NULL, Object(Config\Cache), false)
#4 D:\PKL Kampus\web-dosen\public\index.php(37): CodeIgniter\CodeIgniter->run()
#5 D:\PKL Kampus\web-dosen\system\Commands\Server\rewrite.php(43): require_once('D:\\PKL Kampus\\w...')
#6 {main}
CRITICAL - 2022-04-13 13:34:13 --> Undefined variable $title
#0 D:\PKL Kampus\web-dosen\app\Views\Template\V_Template.php(10): CodeIgniter\Debug\Exceptions->errorHandler(2, 'Undefined varia...', 'D:\\PKL Kampus\\w...', 10)
#1 D:\PKL Kampus\web-dosen\system\View\View.php(210): include('D:\\PKL Kampus\\w...')
#2 D:\PKL Kampus\web-dosen\system\View\View.php(213): CodeIgniter\View\View->CodeIgniter\View\{closure}()
#3 D:\PKL Kampus\web-dosen\system\View\View.php(226): CodeIgniter\View\View->render('Template/V_Temp...', Array, true)
#4 D:\PKL Kampus\web-dosen\system\Common.php(1089): CodeIgniter\View\View->render('Content/V_Profi...', Array, true)
#5 D:\PKL Kampus\web-dosen\app\Controllers\C_Profile.php(11): view('Content/V_Profi...')
#6 D:\PKL Kampus\web-dosen\system\CodeIgniter.php(832): App\Controllers\C_Profile->index()
#7 D:\PKL Kampus\web-dosen\system\CodeIgniter.php(419): CodeIgniter\CodeIgniter->runController(Object(App\Controllers\C_Profile))
#8 D:\PKL Kampus\web-dosen\system\CodeIgniter.php(326): CodeIgniter\CodeIgniter->handleRequest(NULL, Object(Config\Cache), false)
#9 D:\PKL Kampus\web-dosen\public\index.php(37): CodeIgniter\CodeIgniter->run()
#10 D:\PKL Kampus\web-dosen\system\Commands\Server\rewrite.php(43): require_once('D:\\PKL Kampus\\w...')
#11 {main}
CRITICAL - 2022-04-13 13:41:42 --> Undefined property: App\Controllers\C_Profile::$session
#0 D:\PKL Kampus\web-dosen\app\Controllers\C_Profile.php(20): CodeIgniter\Debug\Exceptions->errorHandler(2, 'Undefined prope...', 'D:\\PKL Kampus\\w...', 20)
#1 D:\PKL Kampus\web-dosen\system\CodeIgniter.php(832): App\Controllers\C_Profile->index()
#2 D:\PKL Kampus\web-dosen\system\CodeIgniter.php(419): CodeIgniter\CodeIgniter->runController(Object(App\Controllers\C_Profile))
#3 D:\PKL Kampus\web-dosen\system\CodeIgniter.php(326): CodeIgniter\CodeIgniter->handleRequest(NULL, Object(Config\Cache), false)
#4 D:\PKL Kampus\web-dosen\public\index.php(37): CodeIgniter\CodeIgniter->run()
#5 D:\PKL Kampus\web-dosen\system\Commands\Server\rewrite.php(43): require_once('D:\\PKL Kampus\\w...')
#6 {main}
ERROR - 2022-04-13 13:44:13 --> Table 'web_dosen.profile' doesn't exist
CRITICAL - 2022-04-13 13:44:13 --> Table 'web_dosen.profile' doesn't exist
#0 D:\PKL Kampus\web-dosen\system\Database\MySQLi\Connection.php(292): mysqli->query('SELECT *\nFROM `...', 0)
#1 D:\PKL Kampus\web-dosen\system\Database\BaseConnection.php(670): CodeIgniter\Database\MySQLi\Connection->execute('SELECT *\nFROM `...')
#2 D:\PKL Kampus\web-dosen\system\Database\BaseConnection.php(598): CodeIgniter\Database\BaseConnection->simpleQuery('SELECT *\nFROM `...')
#3 D:\PKL Kampus\web-dosen\system\Database\BaseBuilder.php(1455): CodeIgniter\Database\BaseConnection->query('SELECT *\nFROM `...', Array, false)
#4 D:\PKL Kampus\web-dosen\system\Model.php(142): CodeIgniter\Database\BaseBuilder->get()
#5 D:\PKL Kampus\web-dosen\system\BaseModel.php(523): CodeIgniter\Model->doFind(true, '1')
#6 D:\PKL Kampus\web-dosen\app\Controllers\C_Profile.php(21): CodeIgniter\BaseModel->find('1')
#7 D:\PKL Kampus\web-dosen\system\CodeIgniter.php(832): App\Controllers\C_Profile->index()
#8 D:\PKL Kampus\web-dosen\system\CodeIgniter.php(419): CodeIgniter\CodeIgniter->runController(Object(App\Controllers\C_Profile))
#9 D:\PKL Kampus\web-dosen\system\CodeIgniter.php(326): CodeIgniter\CodeIgniter->handleRequest(NULL, Object(Config\Cache), false)
#10 D:\PKL Kampus\web-dosen\public\index.php(37): CodeIgniter\CodeIgniter->run()
#11 D:\PKL Kampus\web-dosen\system\Commands\Server\rewrite.php(43): require_once('D:\\PKL Kampus\\w...')
#12 {main}
CRITICAL - 2022-04-13 13:46:02 --> Call to a member function getResult() on array
#0 D:\PKL Kampus\web-dosen\system\CodeIgniter.php(832): App\Controllers\C_Profile->index()
#1 D:\PKL Kampus\web-dosen\system\CodeIgniter.php(419): CodeIgniter\CodeIgniter->runController(Object(App\Controllers\C_Profile))
#2 D:\PKL Kampus\web-dosen\system\CodeIgniter.php(326): CodeIgniter\CodeIgniter->handleRequest(NULL, Object(Config\Cache), false)
#3 D:\PKL Kampus\web-dosen\public\index.php(37): CodeIgniter\CodeIgniter->run()
#4 D:\PKL Kampus\web-dosen\system\Commands\Server\rewrite.php(43): require_once('D:\\PKL Kampus\\w...')
#5 {main}
CRITICAL - 2022-04-13 13:46:54 --> Undefined array key "usernam"
#0 D:\PKL Kampus\web-dosen\app\Views\Content\V_Profile.php(55): CodeIgniter\Debug\Exceptions->errorHandler(2, 'Undefined array...', 'D:\\PKL Kampus\\w...', 55)
#1 D:\PKL Kampus\web-dosen\system\View\View.php(210): include('D:\\PKL Kampus\\w...')
#2 D:\PKL Kampus\web-dosen\system\View\View.php(213): CodeIgniter\View\View->CodeIgniter\View\{closure}()
#3 D:\PKL Kampus\web-dosen\system\Common.php(1089): CodeIgniter\View\View->render('Content/V_Profi...', Array, true)
#4 D:\PKL Kampus\web-dosen\app\Controllers\C_Profile.php(27): view('Content/V_Profi...', Array)
#5 D:\PKL Kampus\web-dosen\system\CodeIgniter.php(832): App\Controllers\C_Profile->index()
#6 D:\PKL Kampus\web-dosen\system\CodeIgniter.php(419): CodeIgniter\CodeIgniter->runController(Object(App\Controllers\C_Profile))
#7 D:\PKL Kampus\web-dosen\system\CodeIgniter.php(326): CodeIgniter\CodeIgniter->handleRequest(NULL, Object(Config\Cache), false)
#8 D:\PKL Kampus\web-dosen\public\index.php(37): CodeIgniter\CodeIgniter->run()
#9 D:\PKL Kampus\web-dosen\system\Commands\Server\rewrite.php(43): require_once('D:\\PKL Kampus\\w...')
#10 {main}
CRITICAL - 2022-04-13 15:41:45 --> Undefined variable $page
#0 D:\PKL Kampus\web-dosen\app\Views\Template\V_Template.php(63): CodeIgniter\Debug\Exceptions->errorHandler(2, 'Undefined varia...', 'D:\\PKL Kampus\\w...', 63)
#1 D:\PKL Kampus\web-dosen\system\View\View.php(210): include('D:\\PKL Kampus\\w...')
#2 D:\PKL Kampus\web-dosen\system\View\View.php(213): CodeIgniter\View\View->CodeIgniter\View\{closure}()
#3 D:\PKL Kampus\web-dosen\system\View\View.php(226): CodeIgniter\View\View->render('Template/V_Temp...', Array, true)
#4 D:\PKL Kampus\web-dosen\system\Common.php(1089): CodeIgniter\View\View->render('Content/V_MainP...', Array, true)
#5 D:\PKL Kampus\web-dosen\app\Controllers\C_MainPage.php(32): view('Content/V_MainP...', Array)
#6 D:\PKL Kampus\web-dosen\system\CodeIgniter.php(832): App\Controllers\C_MainPage->index()
#7 D:\PKL Kampus\web-dosen\system\CodeIgniter.php(419): CodeIgniter\CodeIgniter->runController(Object(App\Controllers\C_MainPage))
#8 D:\PKL Kampus\web-dosen\system\CodeIgniter.php(326): CodeIgniter\CodeIgniter->handleRequest(NULL, Object(Config\Cache), false)
#9 D:\PKL Kampus\web-dosen\public\index.php(37): CodeIgniter\CodeIgniter->run()
#10 D:\PKL Kampus\web-dosen\system\Commands\Server\rewrite.php(43): require_once('D:\\PKL Kampus\\w...')
#11 {main}
CRITICAL - 2022-04-13 15:45:47 --> Undefined variable $page
#0 D:\PKL Kampus\web-dosen\app\Views\Template\V_Template.php(63): CodeIgniter\Debug\Exceptions->errorHandler(2, 'Undefined varia...', 'D:\\PKL Kampus\\w...', 63)
#1 D:\PKL Kampus\web-dosen\system\View\View.php(210): include('D:\\PKL Kampus\\w...')
#2 D:\PKL Kampus\web-dosen\system\View\View.php(213): CodeIgniter\View\View->CodeIgniter\View\{closure}()
#3 D:\PKL Kampus\web-dosen\system\View\View.php(226): CodeIgniter\View\View->render('Template/V_Temp...', Array, true)
#4 D:\PKL Kampus\web-dosen\system\Common.php(1089): CodeIgniter\View\View->render('Content/V_MainP...', Array, true)
#5 D:\PKL Kampus\web-dosen\app\Controllers\C_MainPage.php(32): view('Content/V_MainP...', Array)
#6 D:\PKL Kampus\web-dosen\system\CodeIgniter.php(832): App\Controllers\C_MainPage->index()
#7 D:\PKL Kampus\web-dosen\system\CodeIgniter.php(419): CodeIgniter\CodeIgniter->runController(Object(App\Controllers\C_MainPage))
#8 D:\PKL Kampus\web-dosen\system\CodeIgniter.php(326): CodeIgniter\CodeIgniter->handleRequest(NULL, Object(Config\Cache), false)
#9 D:\PKL Kampus\web-dosen\public\index.php(37): CodeIgniter\CodeIgniter->run()
#10 D:\PKL Kampus\web-dosen\system\Commands\Server\rewrite.php(43): require_once('D:\\PKL Kampus\\w...')
#11 {main}
CRITICAL - 2022-04-13 15:46:00 --> Undefined variable $page
#0 D:\PKL Kampus\web-dosen\app\Views\Template\V_Template.php(63): CodeIgniter\Debug\Exceptions->errorHandler(2, 'Undefined varia...', 'D:\\PKL Kampus\\w...', 63)
#1 D:\PKL Kampus\web-dosen\system\View\View.php(210): include('D:\\PKL Kampus\\w...')
#2 D:\PKL Kampus\web-dosen\system\View\View.php(213): CodeIgniter\View\View->CodeIgniter\View\{closure}()
#3 D:\PKL Kampus\web-dosen\system\View\View.php(226): CodeIgniter\View\View->render('Template/V_Temp...', Array, true)
#4 D:\PKL Kampus\web-dosen\system\Common.php(1089): CodeIgniter\View\View->render('Content/V_Serti...', Array, true)
#5 D:\PKL Kampus\web-dosen\app\Controllers\C_SertifikatPelatihan.php(32): view('Content/V_Serti...', Array)
#6 D:\PKL Kampus\web-dosen\system\CodeIgniter.php(832): App\Controllers\C_SertifikatPelatihan->index('1')
#7 D:\PKL Kampus\web-dosen\system\CodeIgniter.php(419): CodeIgniter\CodeIgniter->runController(Object(App\Controllers\C_SertifikatPelatihan))
#8 D:\PKL Kampus\web-dosen\system\CodeIgniter.php(326): CodeIgniter\CodeIgniter->handleRequest(NULL, Object(Config\Cache), false)
#9 D:\PKL Kampus\web-dosen\public\index.php(37): CodeIgniter\CodeIgniter->run()
#10 D:\PKL Kampus\web-dosen\system\Commands\Server\rewrite.php(43): require_once('D:\\PKL Kampus\\w...')
#11 {main}
CRITICAL - 2022-04-13 15:47:05 --> Undefined variable $page
#0 D:\PKL Kampus\web-dosen\app\Views\Template\V_Template.php(63): CodeIgniter\Debug\Exceptions->errorHandler(2, 'Undefined varia...', 'D:\\PKL Kampus\\w...', 63)
#1 D:\PKL Kampus\web-dosen\system\View\View.php(210): include('D:\\PKL Kampus\\w...')
#2 D:\PKL Kampus\web-dosen\system\View\View.php(213): CodeIgniter\View\View->CodeIgniter\View\{closure}()
#3 D:\PKL Kampus\web-dosen\system\View\View.php(226): CodeIgniter\View\View->render('Template/V_Temp...', Array, true)
#4 D:\PKL Kampus\web-dosen\system\Common.php(1089): CodeIgniter\View\View->render('Content/V_MainP...', Array, true)
#5 D:\PKL Kampus\web-dosen\app\Controllers\C_MainPage.php(32): view('Content/V_MainP...', Array)
#6 D:\PKL Kampus\web-dosen\system\CodeIgniter.php(832): App\Controllers\C_MainPage->index()
#7 D:\PKL Kampus\web-dosen\system\CodeIgniter.php(419): CodeIgniter\CodeIgniter->runController(Object(App\Controllers\C_MainPage))
#8 D:\PKL Kampus\web-dosen\system\CodeIgniter.php(326): CodeIgniter\CodeIgniter->handleRequest(NULL, Object(Config\Cache), false)
#9 D:\PKL Kampus\web-dosen\public\index.php(37): CodeIgniter\CodeIgniter->run()
#10 D:\PKL Kampus\web-dosen\system\Commands\Server\rewrite.php(43): require_once('D:\\PKL Kampus\\w...')
#11 {main}
CRITICAL - 2022-04-13 15:47:05 --> Undefined variable $page
#0 D:\PKL Kampus\web-dosen\app\Views\Template\V_Template.php(63): CodeIgniter\Debug\Exceptions->errorHandler(2, 'Undefined varia...', 'D:\\PKL Kampus\\w...', 63)
#1 D:\PKL Kampus\web-dosen\system\View\View.php(210): include('D:\\PKL Kampus\\w...')
#2 D:\PKL Kampus\web-dosen\system\View\View.php(213): CodeIgniter\View\View->CodeIgniter\View\{closure}()
#3 D:\PKL Kampus\web-dosen\system\View\View.php(226): CodeIgniter\View\View->render('Template/V_Temp...', Array, true)
#4 D:\PKL Kampus\web-dosen\system\Common.php(1089): CodeIgniter\View\View->render('Content/V_MainP...', Array, true)
#5 D:\PKL Kampus\web-dosen\app\Controllers\C_MainPage.php(32): view('Content/V_MainP...', Array)
#6 D:\PKL Kampus\web-dosen\system\CodeIgniter.php(832): App\Controllers\C_MainPage->index()
#7 D:\PKL Kampus\web-dosen\system\CodeIgniter.php(419): CodeIgniter\CodeIgniter->runController(Object(App\Controllers\C_MainPage))
#8 D:\PKL Kampus\web-dosen\system\CodeIgniter.php(326): CodeIgniter\CodeIgniter->handleRequest(NULL, Object(Config\Cache), false)
#9 D:\PKL Kampus\web-dosen\public\index.php(37): CodeIgniter\CodeIgniter->run()
#10 D:\PKL Kampus\web-dosen\system\Commands\Server\rewrite.php(43): require_once('D:\\PKL Kampus\\w...')
#11 {main}
CRITICAL - 2022-04-13 15:58:19 --> Undefined array key "SCRIPT_URI"
#0 D:\PKL Kampus\web-dosen\app\Views\Content\V_SertifikatPelatihan.php(4): CodeIgniter\Debug\Exceptions->errorHandler(2, 'Undefined array...', 'D:\\PKL Kampus\\w...', 4)
#1 D:\PKL Kampus\web-dosen\system\View\View.php(210): include('D:\\PKL Kampus\\w...')
#2 D:\PKL Kampus\web-dosen\system\View\View.php(213): CodeIgniter\View\View->CodeIgniter\View\{closure}()
#3 D:\PKL Kampus\web-dosen\system\Common.php(1089): CodeIgniter\View\View->render('Content/V_Serti...', Array, true)
#4 D:\PKL Kampus\web-dosen\app\Controllers\C_SertifikatPelatihan.php(32): view('Content/V_Serti...', Array)
#5 D:\PKL Kampus\web-dosen\system\CodeIgniter.php(832): App\Controllers\C_SertifikatPelatihan->index('1')
#6 D:\PKL Kampus\web-dosen\system\CodeIgniter.php(419): CodeIgniter\CodeIgniter->runController(Object(App\Controllers\C_SertifikatPelatihan))
#7 D:\PKL Kampus\web-dosen\system\CodeIgniter.php(326): CodeIgniter\CodeIgniter->handleRequest(NULL, Object(Config\Cache), false)
#8 D:\PKL Kampus\web-dosen\public\index.php(37): CodeIgniter\CodeIgniter->run()
#9 D:\PKL Kampus\web-dosen\system\Commands\Server\rewrite.php(43): require_once('D:\\PKL Kampus\\w...')
#10 {main}
CRITICAL - 2022-04-13 15:58:42 --> Undefined array key "SCRIPT_URI"
#0 D:\PKL Kampus\web-dosen\app\Views\Content\V_SertifikatPelatihan.php(4): CodeIgniter\Debug\Exceptions->errorHandler(2, 'Undefined array...', 'D:\\PKL Kampus\\w...', 4)
#1 D:\PKL Kampus\web-dosen\system\View\View.php(210): include('D:\\PKL Kampus\\w...')
#2 D:\PKL Kampus\web-dosen\system\View\View.php(213): CodeIgniter\View\View->CodeIgniter\View\{closure}()
#3 D:\PKL Kampus\web-dosen\system\Common.php(1089): CodeIgniter\View\View->render('Content/V_Serti...', Array, true)
#4 D:\PKL Kampus\web-dosen\app\Controllers\C_SertifikatPelatihan.php(32): view('Content/V_Serti...', Array)
#5 D:\PKL Kampus\web-dosen\system\CodeIgniter.php(832): App\Controllers\C_SertifikatPelatihan->index('1')
#6 D:\PKL Kampus\web-dosen\system\CodeIgniter.php(419): CodeIgniter\CodeIgniter->runController(Object(App\Controllers\C_SertifikatPelatihan))
#7 D:\PKL Kampus\web-dosen\system\CodeIgniter.php(326): CodeIgniter\CodeIgniter->handleRequest(NULL, Object(Config\Cache), false)
#8 D:\PKL Kampus\web-dosen\public\index.php(37): CodeIgniter\CodeIgniter->run()
#9 D:\PKL Kampus\web-dosen\system\Commands\Server\rewrite.php(43): require_once('D:\\PKL Kampus\\w...')
#10 {main}
CRITICAL - 2022-04-13 16:03:15 --> Undefined array key "PATH_TRANSLATED"
#0 D:\PKL Kampus\web-dosen\app\Views\Content\V_SertifikatPelatihan.php(5): CodeIgniter\Debug\Exceptions->errorHandler(2, 'Undefined array...', 'D:\\PKL Kampus\\w...', 5)
#1 D:\PKL Kampus\web-dosen\system\View\View.php(210): include('D:\\PKL Kampus\\w...')
#2 D:\PKL Kampus\web-dosen\system\View\View.php(213): CodeIgniter\View\View->CodeIgniter\View\{closure}()
#3 D:\PKL Kampus\web-dosen\system\Common.php(1089): CodeIgniter\View\View->render('Content/V_Serti...', Array, true)
#4 D:\PKL Kampus\web-dosen\app\Controllers\C_SertifikatPelatihan.php(32): view('Content/V_Serti...', Array)
#5 D:\PKL Kampus\web-dosen\system\CodeIgniter.php(832): App\Controllers\C_SertifikatPelatihan->index('1')
#6 D:\PKL Kampus\web-dosen\system\CodeIgniter.php(419): CodeIgniter\CodeIgniter->runController(Object(App\Controllers\C_SertifikatPelatihan))
#7 D:\PKL Kampus\web-dosen\system\CodeIgniter.php(326): CodeIgniter\CodeIgniter->handleRequest(NULL, Object(Config\Cache), false)
#8 D:\PKL Kampus\web-dosen\public\index.php(37): CodeIgniter\CodeIgniter->run()
#9 D:\PKL Kampus\web-dosen\system\Commands\Server\rewrite.php(43): require_once('D:\\PKL Kampus\\w...')
#10 {main}
CRITICAL - 2022-04-13 16:06:41 --> Undefined variable $page
#0 D:\PKL Kampus\web-dosen\app\Views\Template\V_Template.php(63): CodeIgniter\Debug\Exceptions->errorHandler(2, 'Undefined varia...', 'D:\\PKL Kampus\\w...', 63)
#1 D:\PKL Kampus\web-dosen\system\View\View.php(210): include('D:\\PKL Kampus\\w...')
#2 D:\PKL Kampus\web-dosen\system\View\View.php(213): CodeIgniter\View\View->CodeIgniter\View\{closure}()
#3 D:\PKL Kampus\web-dosen\system\View\View.php(226): CodeIgniter\View\View->render('Template/V_Temp...', Array, true)
#4 D:\PKL Kampus\web-dosen\system\Common.php(1089): CodeIgniter\View\View->render('Content/V_MainP...', Array, true)
#5 D:\PKL Kampus\web-dosen\app\Controllers\C_MainPage.php(31): view('Content/V_MainP...', Array)
#6 D:\PKL Kampus\web-dosen\system\CodeIgniter.php(832): App\Controllers\C_MainPage->index()
#7 D:\PKL Kampus\web-dosen\system\CodeIgniter.php(419): CodeIgniter\CodeIgniter->runController(Object(App\Controllers\C_MainPage))
#8 D:\PKL Kampus\web-dosen\system\CodeIgniter.php(326): CodeIgniter\CodeIgniter->handleRequest(NULL, Object(Config\Cache), false)
#9 D:\PKL Kampus\web-dosen\public\index.php(37): CodeIgniter\CodeIgniter->run()
#10 D:\PKL Kampus\web-dosen\system\Commands\Server\rewrite.php(43): require_once('D:\\PKL Kampus\\w...')
#11 {main}
