CRITICAL - 2022-04-07 11:43:59 --> Invalid file: V_login.php
#0 D:\PKL Kampus\web-dosen\system\View\View.php(198): CodeIgniter\Exceptions\FrameworkException::forInvalidFile('V_login.php')
#1 D:\PKL Kampus\web-dosen\system\Common.php(1089): CodeIgniter\View\View->render('V_login', Array, true)
#2 D:\PKL Kampus\web-dosen\app\Controllers\Home.php(9): view('V_login')
#3 D:\PKL Kampus\web-dosen\system\CodeIgniter.php(832): App\Controllers\Home->index()
#4 D:\PKL Kampus\web-dosen\system\CodeIgniter.php(419): CodeIgniter\CodeIgniter->runController(Object(App\Controllers\Home))
#5 D:\PKL Kampus\web-dosen\system\CodeIgniter.php(326): CodeIgniter\CodeIgniter->handleRequest(NULL, Object(Config\Cache), false)
#6 D:\PKL Kampus\web-dosen\public\index.php(37): CodeIgniter\CodeIgniter->run()
#7 D:\PKL Kampus\web-dosen\system\Commands\Server\rewrite.php(43): require_once('D:\\PKL Kampus\\w...')
#8 {main}
CRITICAL - 2022-04-07 13:11:35 --> Invalid file: Template/V_Header.php
#0 D:\PKL Kampus\web-dosen\system\View\View.php(198): CodeIgniter\Exceptions\FrameworkException::forInvalidFile('Template/V_Head...')
#1 D:\PKL Kampus\web-dosen\system\View\View.php(226): CodeIgniter\View\View->render('Template/V_Head...', Array, true)
#2 D:\PKL Kampus\web-dosen\system\Common.php(1089): CodeIgniter\View\View->render('Content/V_MainP...', Array, true)
#3 D:\PKL Kampus\web-dosen\app\Controllers\C_MainPage.php(13): view('Content/V_MainP...', Array)
#4 D:\PKL Kampus\web-dosen\system\CodeIgniter.php(832): App\Controllers\C_MainPage->index()
#5 D:\PKL Kampus\web-dosen\system\CodeIgniter.php(419): CodeIgniter\CodeIgniter->runController(Object(App\Controllers\C_MainPage))
#6 D:\PKL Kampus\web-dosen\system\CodeIgniter.php(326): CodeIgniter\CodeIgniter->handleRequest(NULL, Object(Config\Cache), false)
#7 D:\PKL Kampus\web-dosen\public\index.php(37): CodeIgniter\CodeIgniter->run()
#8 D:\PKL Kampus\web-dosen\system\Commands\Server\rewrite.php(43): require_once('D:\\PKL Kampus\\w...')
#9 {main}
