ERROR - 2022-05-27 13:14:31 --> Error connecting to the database: No connection could be made because the target machine actively refused it
CRITICAL - 2022-05-27 13:14:31 --> Unable to connect to the database.
Main connection [MySQLi]: No connection could be made because the target machine actively refused it
#0 D:\PKL Kampus\web-dosen\system\Database\BaseConnection.php(577): CodeIgniter\Database\BaseConnection->initialize()
#1 D:\PKL Kampus\web-dosen\system\Database\BaseBuilder.php(1455): CodeIgniter\Database\BaseConnection->query('SELECT *\nFROM `...', Array, false)
#2 D:\PKL Kampus\web-dosen\system\Model.php(210): CodeIgniter\Database\BaseBuilder->get()
#3 D:\PKL Kampus\web-dosen\system\BaseModel.php(622): CodeIgniter\Model->doFirst()
#4 D:\PKL Kampus\web-dosen\app\Controllers\C_Login.php(46): CodeIgniter\BaseModel->first()
#5 D:\PKL Kampus\web-dosen\system\CodeIgniter.php(832): App\Controllers\C_Login->addUser()
#6 D:\PKL Kampus\web-dosen\system\CodeIgniter.php(419): CodeIgniter\CodeIgniter->runController(Object(App\Controllers\C_Login))
#7 D:\PKL Kampus\web-dosen\system\CodeIgniter.php(326): CodeIgniter\CodeIgniter->handleRequest(NULL, Object(Config\Cache), false)
#8 D:\PKL Kampus\web-dosen\public\index.php(37): CodeIgniter\CodeIgniter->run()
#9 D:\PKL Kampus\web-dosen\system\Commands\Server\rewrite.php(43): require_once('D:\\PKL Kampus\\w...')
#10 {main}
ERROR - 2022-05-27 13:14:36 --> Error connecting to the database: No connection could be made because the target machine actively refused it
CRITICAL - 2022-05-27 13:14:36 --> Unable to connect to the database.
Main connection [MySQLi]: No connection could be made because the target machine actively refused it
#0 D:\PKL Kampus\web-dosen\system\Database\BaseConnection.php(577): CodeIgniter\Database\BaseConnection->initialize()
#1 D:\PKL Kampus\web-dosen\system\Database\BaseBuilder.php(1455): CodeIgniter\Database\BaseConnection->query('SELECT *\nFROM `...', Array, false)
#2 D:\PKL Kampus\web-dosen\system\Model.php(210): CodeIgniter\Database\BaseBuilder->get()
#3 D:\PKL Kampus\web-dosen\system\BaseModel.php(622): CodeIgniter\Model->doFirst()
#4 D:\PKL Kampus\web-dosen\app\Controllers\C_Login.php(46): CodeIgniter\BaseModel->first()
#5 D:\PKL Kampus\web-dosen\system\CodeIgniter.php(832): App\Controllers\C_Login->addUser()
#6 D:\PKL Kampus\web-dosen\system\CodeIgniter.php(419): CodeIgniter\CodeIgniter->runController(Object(App\Controllers\C_Login))
#7 D:\PKL Kampus\web-dosen\system\CodeIgniter.php(326): CodeIgniter\CodeIgniter->handleRequest(NULL, Object(Config\Cache), false)
#8 D:\PKL Kampus\web-dosen\public\index.php(37): CodeIgniter\CodeIgniter->run()
#9 D:\PKL Kampus\web-dosen\system\Commands\Server\rewrite.php(43): require_once('D:\\PKL Kampus\\w...')
#10 {main}
ERROR - 2022-05-27 13:14:41 --> Error connecting to the database: No connection could be made because the target machine actively refused it
CRITICAL - 2022-05-27 13:14:41 --> Unable to connect to the database.
Main connection [MySQLi]: No connection could be made because the target machine actively refused it
#0 D:\PKL Kampus\web-dosen\system\Database\BaseConnection.php(577): CodeIgniter\Database\BaseConnection->initialize()
#1 D:\PKL Kampus\web-dosen\system\Database\BaseBuilder.php(1455): CodeIgniter\Database\BaseConnection->query('SELECT *\nFROM `...', Array, false)
#2 D:\PKL Kampus\web-dosen\system\Model.php(210): CodeIgniter\Database\BaseBuilder->get()
#3 D:\PKL Kampus\web-dosen\system\BaseModel.php(622): CodeIgniter\Model->doFirst()
#4 D:\PKL Kampus\web-dosen\app\Controllers\C_Login.php(46): CodeIgniter\BaseModel->first()
#5 D:\PKL Kampus\web-dosen\system\CodeIgniter.php(832): App\Controllers\C_Login->addUser()
#6 D:\PKL Kampus\web-dosen\system\CodeIgniter.php(419): CodeIgniter\CodeIgniter->runController(Object(App\Controllers\C_Login))
#7 D:\PKL Kampus\web-dosen\system\CodeIgniter.php(326): CodeIgniter\CodeIgniter->handleRequest(NULL, Object(Config\Cache), false)
#8 D:\PKL Kampus\web-dosen\public\index.php(37): CodeIgniter\CodeIgniter->run()
#9 D:\PKL Kampus\web-dosen\system\Commands\Server\rewrite.php(43): require_once('D:\\PKL Kampus\\w...')
#10 {main}
ERROR - 2022-05-27 13:15:08 --> Error connecting to the database: No connection could be made because the target machine actively refused it
CRITICAL - 2022-05-27 13:15:08 --> Unable to connect to the database.
Main connection [MySQLi]: No connection could be made because the target machine actively refused it
#0 D:\PKL Kampus\web-dosen\system\Database\BaseConnection.php(577): CodeIgniter\Database\BaseConnection->initialize()
#1 D:\PKL Kampus\web-dosen\system\Database\BaseBuilder.php(1455): CodeIgniter\Database\BaseConnection->query('SELECT *\nFROM `...', Array, false)
#2 D:\PKL Kampus\web-dosen\system\Model.php(210): CodeIgniter\Database\BaseBuilder->get()
#3 D:\PKL Kampus\web-dosen\system\BaseModel.php(622): CodeIgniter\Model->doFirst()
#4 D:\PKL Kampus\web-dosen\app\Controllers\C_Login.php(46): CodeIgniter\BaseModel->first()
#5 D:\PKL Kampus\web-dosen\system\CodeIgniter.php(832): App\Controllers\C_Login->addUser()
#6 D:\PKL Kampus\web-dosen\system\CodeIgniter.php(419): CodeIgniter\CodeIgniter->runController(Object(App\Controllers\C_Login))
#7 D:\PKL Kampus\web-dosen\system\CodeIgniter.php(326): CodeIgniter\CodeIgniter->handleRequest(NULL, Object(Config\Cache), false)
#8 D:\PKL Kampus\web-dosen\public\index.php(37): CodeIgniter\CodeIgniter->run()
#9 D:\PKL Kampus\web-dosen\system\Commands\Server\rewrite.php(43): require_once('D:\\PKL Kampus\\w...')
#10 {main}
